trunk/eashHome/proguard/mapping.txt
simple.home.jtbuaa.About -> simple.home.jtbuaa.About:
    android.widget.CheckBox cbShake -> a
    android.content.SharedPreferences perferences -> b
    java.lang.String ip() -> a
    java.lang.String runCmd(java.lang.String,java.lang.String) -> a
    void onCreate(android.os.Bundle) -> onCreate
    void onResume() -> onResume
simple.home.jtbuaa.About$1 -> simple.home.jtbuaa.bd:
    simple.home.jtbuaa.About this$0 -> a
    void onClick(android.view.View) -> onClick
simple.home.jtbuaa.About$2 -> simple.home.jtbuaa.bb:
    simple.home.jtbuaa.About this$0 -> a
    void onClick(android.view.View) -> onClick
simple.home.jtbuaa.About$3 -> simple.home.jtbuaa.bc:
    simple.home.jtbuaa.About this$0 -> a
    void onClick(android.view.View) -> onClick
simple.home.jtbuaa.About$4 -> simple.home.jtbuaa.az:
    simple.home.jtbuaa.About this$0 -> a
    void onClick(android.view.View) -> onClick
simple.home.jtbuaa.About$5 -> simple.home.jtbuaa.ba:
    simple.home.jtbuaa.About this$0 -> a
    java.lang.String val$downloadPath -> b
    void onClick(android.view.View) -> onClick
simple.home.jtbuaa.About$6 -> simple.home.jtbuaa.ae:
    simple.home.jtbuaa.About this$0 -> a
    java.lang.String val$myPackageName -> b
    void onClick(android.view.View) -> onClick
simple.home.jtbuaa.About$7 -> simple.home.jtbuaa.af:
    simple.home.jtbuaa.About this$0 -> a
    java.lang.String val$myPackageName -> b
    void onClick(android.view.View) -> onClick
simple.home.jtbuaa.About$8 -> simple.home.jtbuaa.ac:
    simple.home.jtbuaa.About this$0 -> a
    void onClick(android.view.View) -> onClick
simple.home.jtbuaa.About$9 -> simple.home.jtbuaa.ad:
    simple.home.jtbuaa.About this$0 -> a
    java.lang.String val$myPackageName -> b
    void onClick(android.view.View) -> onClick
simple.home.jtbuaa.AlphaList -> simple.home.jtbuaa.ab:
    int tag -> a
    int index -> b
    android.widget.RelativeLayout view -> c
    boolean mIsGrid -> d
    android.widget.GridView AlphaGrid -> e
    simple.home.jtbuaa.AlphaList$AlphaAdapter alphaAdapter -> f
    java.util.ArrayList alphaList -> g
    int MaxCount -> v
    int mColumns -> h
    int mSelected -> i
    java.lang.Boolean DuringSelection -> j
    android.widget.GridView AppList -> k
    java.util.List mApps -> l
    simple.home.jtbuaa.AlphaList$AppListAdapter appListAdapter -> w
    simple.home.jtbuaa.AlphaList$AppGridAdapter appGridAdapter -> x
    int whiteColor -> m
    int grayColor -> n
    int redColor -> o
    int brownColor -> p
    android.app.AlertDialog m_deleteDialog -> y
    java.lang.Object appToDel -> q
    android.content.Context mContext -> r
    android.content.pm.PackageManager pm -> s
    boolean mLargeScreen -> t
    java.util.HashMap mPackagesSize -> u
    java.lang.String getAlpha(java.lang.Object) -> a
    java.lang.String getPackageName(java.lang.Object) -> b
    java.lang.String getProcessName(java.lang.Object) -> c
    java.lang.String getLabel(java.lang.Object) -> d
    java.lang.String getSourceDir(java.lang.Object) -> e
    android.graphics.drawable.Drawable getIcon(java.lang.Object) -> f
    int getFlag(java.lang.Object) -> g
    boolean start(java.lang.Object) -> h
    void sort() -> a
    void setAdapter() -> b
    void sortAlpha() -> c
    void add(java.lang.Object) -> i
simple.home.jtbuaa.AlphaList$1 -> simple.home.jtbuaa.ai:
    simple.home.jtbuaa.AlphaList this$0 -> a
    void onScroll(android.widget.AbsListView,int,int,int) -> onScroll
    void onScrollStateChanged(android.widget.AbsListView,int) -> onScrollStateChanged
simple.home.jtbuaa.AlphaList$2 -> simple.home.jtbuaa.aj:
    simple.home.jtbuaa.AlphaList this$0 -> a
    void onClick(android.content.DialogInterface,int) -> onClick
simple.home.jtbuaa.AlphaList$3 -> simple.home.jtbuaa.ah:
    simple.home.jtbuaa.AlphaList this$0 -> a
    void onClick(android.content.DialogInterface,int) -> onClick
...
com.google.ads.util.c -> com.google.ads.util.f:
    int a(android.content.Context,android.util.DisplayMetrics) -> a
    int b(android.content.Context,android.util.DisplayMetrics) -> b
    int a(android.content.Context,float,int) -> a
com.google.ads.v -> com.google.ads.a:
    int a(java.util.HashMap,java.lang.String,int,android.util.DisplayMetrics) -> a
    void a(com.google.ads.d,java.util.HashMap,android.webkit.WebView) -> a
com.google.ads.w -> com.google.ads.r:
    android.content.Context a -> a
    java.lang.String b -> b
    void run() -> run
com.google.ads.x -> com.google.ads.s:
    java.lang.ref.WeakReference a -> a
    void run() -> run
com.google.ads.y -> com.google.ads.p:
    android.net.Uri a -> a
    android.net.Uri b -> b
    java.lang.String[] c -> c
    java.lang.String[] d -> d
com.google.ads.z -> com.google.ads.q:
    void a(android.webkit.WebView,boolean) -> a
com.google.ads.z$a -> com.google.ads.ap:
    java.lang.ref.WeakReference a -> a
    void run() -> run
com.google.ads.z$b -> com.google.ads.aq:
    java.lang.ref.WeakReference a -> a
    android.webkit.WebView b -> b
    java.lang.String c -> c
    void run() -> run
com.google.ads.z$c -> com.google.ads.ar:
    boolean a -> a
    android.webkit.WebView b -> b
    void run() -> run
easy.lib.CrashHandler -> easy.lib.an:
    java.lang.Thread$UncaughtExceptionHandler mDefaultHandler -> a
    easy.lib.CrashHandler INSTANCE -> b
    android.content.Context mContext -> c
    java.util.Map infos -> d
    java.text.DateFormat formatter -> e
    easy.lib.CrashHandler getInstance() -> a
    void init(android.content.Context) -> a
    void uncaughtException(java.lang.Thread,java.lang.Throwable) -> uncaughtException
    java.lang.String saveCrashInfo2File(java.lang.StringBuffer) -> a
    android.content.Context access$0(easy.lib.CrashHandler) -> a
easy.lib.CrashHandler$1 -> easy.lib.o:
    easy.lib.CrashHandler this$0 -> a
    java.lang.String val$path -> b
    void run() -> run
easy.lib.MyApp -> easy.lib.MyApp:
    java.util.HashMap downloadState -> a
    void onCreate() -> onCreate
easy.lib.R -> easy.lib.ag:
easy.lib.R$drawable -> easy.lib.m:
    int about -> a
    int capture -> b
    int copy -> c
    int downloads -> d
    int explorer -> e
    int newpage -> f
    int refresh -> g
    int share -> h
    int stop -> i
easy.lib.R$id -> easy.lib.am:
    int adBoard -> a
    int adView -> b
    int addfavorite -> c
    int appicon -> d
    int appname -> e
    int download_name -> f
    int go -> g
    int gridview -> h
    int home -> i
    int loadprogress -> j
    int mailto -> k
    int newpage -> l
    int next -> m
    int notification_dialog -> n
    int opennewpage -> o
    int pause -> p
    int prev -> q
    int progress -> r
    int progress_bar -> s
    int radio_fullscreen -> t
    int refresh -> u
    int show_zoom -> v
    int stop -> w
    int title -> x
    int url -> y
    int webclose -> z
    int webcontrol -> A
    int webicon -> B
    int weblist -> C
    int webname -> D
    int webpages -> E
    int webtools_center -> F
easy.lib.R$layout -> easy.lib.y:
    int about_browser -> a
    int browser -> b
    int grid_menu -> c
    int icon_list -> d
    int notification_dialog -> e
    int pause -> f
    int snap_browser -> g
    int web_list -> h