trunk/eashHome/proguard/usage.txt
simple.home.jtbuaa.HanziToPinyin:
    private static final java.lang.String TAG
    private static final boolean DEBUG
    private static final java.lang.String FIRST_PINYIN_UNIHAN
    private static final java.lang.String LAST_PINYIN_UNIHAN
    private static final char FIRST_UNIHAN
    318:333:private static boolean doSelfValidation()
    408:458:public java.util.ArrayList get(java.lang.String)
    463:466:private void addToken(java.lang.StringBuilder,java.util.ArrayList,int)
simple.home.jtbuaa.HanziToPinyin$Token:
    public static final java.lang.String SEPARATOR
    public static final int LATIN
    public static final int PINYIN
    public static final int UNKNOWN
    264:268:public HanziToPinyin$Token(int,java.lang.String,java.lang.String)
simple.home.jtbuaa.R
simple.home.jtbuaa.R$attr
simple.home.jtbuaa.R$drawable
simple.home.jtbuaa.R$id
simple.home.jtbuaa.R$layout
simple.home.jtbuaa.R$string
simple.home.jtbuaa.R$style
simple.home.jtbuaa.R$styleable
simple.home.jtbuaa.simpleHome:
    android.widget.ListView sysAppList
    android.widget.ListView userAppList
    static final int UPDATE_RI_PHONE
    static final int UPDATE_RI_SMS
    static final int UPDATE_RI_CONTACT
    static final int UPDATE_USER
    static final int UPDATE_SPLASH
    static final int UPDATE_PACKAGE
    158:160:public static com.android.internal.telephony.ITelephony getITelephony(android.telephony.TelephonyManager)
...
android.support.v4.content.CursorLoader
android.support.v4.content.IntentCompat
android.support.v4.content.Loader:
    android.content.Context mContext
    90:92:public Loader(android.content.Context)
    102:105:public void deliverResult(java.lang.Object)
    111:111:public android.content.Context getContext()
    118:118:public int getId()
    157:157:public boolean isStarted()
    166:166:public boolean isAbandoned()
    175:175:public boolean isReset()
    217:218:public void forceLoad()
    225:225:protected void onForceLoad()
    261:263:public void abandon()
    275:275:protected void onAbandon()
    312:314:public boolean takeContentChanged()
    326:334:public void onContentChanged()
android.support.v4.content.Loader$ForceLoadContentObserver
android.support.v4.content.Loader$OnLoadCompleteListener:
    public abstract void onLoadComplete(android.support.v4.content.Loader,java.lang.Object)
android.support.v4.content.LocalBroadcastManager
android.support.v4.content.LocalBroadcastManager$1
android.support.v4.content.LocalBroadcastManager$BroadcastRecord
android.support.v4.content.LocalBroadcastManager$ReceiverRecord
android.support.v4.content.ModernAsyncTask
android.support.v4.content.ModernAsyncTask$1
android.support.v4.content.ModernAsyncTask$2
android.support.v4.content.ModernAsyncTask$3
android.support.v4.content.ModernAsyncTask$4
android.support.v4.content.ModernAsyncTask$AsyncTaskResult
android.support.v4.content.ModernAsyncTask$InternalHandler
android.support.v4.content.ModernAsyncTask$Status
android.support.v4.content.ModernAsyncTask$WorkerRunnable
android.support.v4.content.pm.ActivityInfoCompat
android.support.v4.database.DatabaseUtilsCompat
android.support.v4.util.LruCache
android.support.v4.util.TimeUtils
android.support.v4.view.AccessibilityDelegateCompat
android.support.v4.view.AccessibilityDelegateCompat$AccessibilityDelegateIcsImpl
android.support.v4.view.AccessibilityDelegateCompat$AccessibilityDelegateIcsImpl$1
android.support.v4.view.AccessibilityDelegateCompat$AccessibilityDelegateImpl
android.support.v4.view.AccessibilityDelegateCompat$AccessibilityDelegateStubImpl
android.support.v4.view.AccessibilityDelegateCompatIcs
android.support.v4.view.AccessibilityDelegateCompatIcs$1
android.support.v4.view.AccessibilityDelegateCompatIcs$AccessibilityDelegateBridge
android.support.v4.view.KeyEventCompat:
    127:127:public static int normalizeMetaState(int)
    131:131:public static boolean metaStateHasModifiers(int,int)
    135:135:public static boolean metaStateHasNoModifiers(int)
android.support.v4.view.KeyEventCompat$BaseKeyEventVersionImpl:
    private static final int META_MODIFIER_MASK
    private static final int META_ALL_MASK
android.support.v4.view.KeyEventCompat$HoneycombKeyEventVersionImpl:
    98:98:public int normalizeMetaState(int)
android.support.v4.view.KeyEventCompat$KeyEventVersionImpl:
    public abstract int normalizeMetaState(int)
android.support.v4.view.KeyEventCompatHoneycomb:
    26:26:public static int normalizeMetaState(int)
android.support.v4.view.MenuCompat
android.support.v4.view.MenuCompat$BaseMenuVersionImpl
android.support.v4.view.MenuCompat$HoneycombMenuVersionImpl
android.support.v4.view.MenuCompat$MenuVersionImpl
android.support.v4.view.MenuItemCompat
android.support.v4.view.MenuItemCompat$BaseMenuVersionImpl
android.support.v4.view.MenuItemCompat$HoneycombMenuVersionImpl
android.support.v4.view.MenuItemCompat$MenuVersionImpl
android.support.v4.view.MenuItemCompatHoneycomb
android.support.v4.view.MotionEventCompat:
    public static final int ACTION_MASK
    public static final int ACTION_POINTER_DOWN
    public static final int ACTION_POINTER_UP
    public static final int ACTION_HOVER_MOVE
    public static final int ACTION_SCROLL
    public static final int ACTION_POINTER_INDEX_MASK
    public static final int ACTION_POINTER_INDEX_SHIFT
    148:148:public static int getActionMasked(android.view.MotionEvent)